CRITICAL - 2022-11-23 20:07:06 --> Undefined variable $idpolygon
in APPPATH\Views\leafletdraw\v_edit_polygon.php on line 256.
 1 APPPATH\Views\leafletdraw\v_edit_polygon.php(256): CodeIgniter\Debug\Exceptions->errorHandler(2, 'Undefined variable $idpolygon', 'APPPATH\\Views\\leafletdraw\\v_edit_polygon.php', 256)
 2 SYSTEMPATH\View\View.php(213): include('APPPATH\\Views\\leafletdraw\\v_edit_polygon.php')
 3 SYSTEMPATH\View\View.php(216): CodeIgniter\View\View->CodeIgniter\View\{closure}()
 4 SYSTEMPATH\Common.php(1142): CodeIgniter\View\View->render('leafletdraw/v_edit_polygon', [], true)
 5 APPPATH\Controllers\Leafletdraw.php(95): view('leafletdraw/v_edit_polygon', [...])
 6 SYSTEMPATH\CodeIgniter.php(904): App\Controllers\Leafletdraw->edit_polygon('24')
 7 SYSTEMPATH\CodeIgniter.php(457): CodeIgniter\CodeIgniter->runController(Object(App\Controllers\Leafletdraw))
 8 SYSTEMPATH\CodeIgniter.php(340): CodeIgniter\CodeIgniter->handleRequest(null, Object(Config\Cache), false)
 9 FCPATH\index.php(67): CodeIgniter\CodeIgniter->run()
CRITICAL - 2022-11-23 20:07:15 --> Undefined variable $idpolygon
in APPPATH\Views\leafletdraw\v_edit_polygon.php on line 256.
 1 APPPATH\Views\leafletdraw\v_edit_polygon.php(256): CodeIgniter\Debug\Exceptions->errorHandler(2, 'Undefined variable $idpolygon', 'APPPATH\\Views\\leafletdraw\\v_edit_polygon.php', 256)
 2 SYSTEMPATH\View\View.php(213): include('APPPATH\\Views\\leafletdraw\\v_edit_polygon.php')
 3 SYSTEMPATH\View\View.php(216): CodeIgniter\View\View->CodeIgniter\View\{closure}()
 4 SYSTEMPATH\Common.php(1142): CodeIgniter\View\View->render('leafletdraw/v_edit_polygon', [], true)
 5 APPPATH\Controllers\Leafletdraw.php(95): view('leafletdraw/v_edit_polygon', [...])
 6 SYSTEMPATH\CodeIgniter.php(904): App\Controllers\Leafletdraw->edit_polygon('2')
 7 SYSTEMPATH\CodeIgniter.php(457): CodeIgniter\CodeIgniter->runController(Object(App\Controllers\Leafletdraw))
 8 SYSTEMPATH\CodeIgniter.php(340): CodeIgniter\CodeIgniter->handleRequest(null, Object(Config\Cache), false)
 9 FCPATH\index.php(67): CodeIgniter\CodeIgniter->run()
CRITICAL - 2022-11-23 20:09:01 --> Undefined variable $idpolygon
in APPPATH\Views\leafletdraw\v_edit_polygon.php on line 256.
 1 APPPATH\Views\leafletdraw\v_edit_polygon.php(256): CodeIgniter\Debug\Exceptions->errorHandler(2, 'Undefined variable $idpolygon', 'APPPATH\\Views\\leafletdraw\\v_edit_polygon.php', 256)
 2 SYSTEMPATH\View\View.php(213): include('APPPATH\\Views\\leafletdraw\\v_edit_polygon.php')
 3 SYSTEMPATH\View\View.php(216): CodeIgniter\View\View->CodeIgniter\View\{closure}()
 4 SYSTEMPATH\Common.php(1142): CodeIgniter\View\View->render('leafletdraw/v_edit_polygon', [], true)
 5 APPPATH\Controllers\Leafletdraw.php(95): view('leafletdraw/v_edit_polygon', [...])
 6 SYSTEMPATH\CodeIgniter.php(904): App\Controllers\Leafletdraw->edit_polygon('2')
 7 SYSTEMPATH\CodeIgniter.php(457): CodeIgniter\CodeIgniter->runController(Object(App\Controllers\Leafletdraw))
 8 SYSTEMPATH\CodeIgniter.php(340): CodeIgniter\CodeIgniter->handleRequest(null, Object(Config\Cache), false)
 9 FCPATH\index.php(67): CodeIgniter\CodeIgniter->run()
CRITICAL - 2022-11-23 20:09:59 --> Undefined variable $idpolygon
in APPPATH\Views\leafletdraw\v_edit_polygon.php on line 256.
 1 APPPATH\Views\leafletdraw\v_edit_polygon.php(256): CodeIgniter\Debug\Exceptions->errorHandler(2, 'Undefined variable $idpolygon', 'APPPATH\\Views\\leafletdraw\\v_edit_polygon.php', 256)
 2 SYSTEMPATH\View\View.php(213): include('APPPATH\\Views\\leafletdraw\\v_edit_polygon.php')
 3 SYSTEMPATH\View\View.php(216): CodeIgniter\View\View->CodeIgniter\View\{closure}()
 4 SYSTEMPATH\Common.php(1142): CodeIgniter\View\View->render('leafletdraw/v_edit_polygon', [], true)
 5 APPPATH\Controllers\Leafletdraw.php(95): view('leafletdraw/v_edit_polygon', [...])
 6 SYSTEMPATH\CodeIgniter.php(904): App\Controllers\Leafletdraw->edit_polygon('6')
 7 SYSTEMPATH\CodeIgniter.php(457): CodeIgniter\CodeIgniter->runController(Object(App\Controllers\Leafletdraw))
 8 SYSTEMPATH\CodeIgniter.php(340): CodeIgniter\CodeIgniter->handleRequest(null, Object(Config\Cache), false)
 9 FCPATH\index.php(67): CodeIgniter\CodeIgniter->run()
CRITICAL - 2022-11-23 20:12:19 --> Undefined variable $idpolygon
in APPPATH\Views\leafletdraw\v_edit_polygon.php on line 256.
 1 APPPATH\Views\leafletdraw\v_edit_polygon.php(256): CodeIgniter\Debug\Exceptions->errorHandler(2, 'Undefined variable $idpolygon', 'APPPATH\\Views\\leafletdraw\\v_edit_polygon.php', 256)
 2 SYSTEMPATH\View\View.php(213): include('APPPATH\\Views\\leafletdraw\\v_edit_polygon.php')
 3 SYSTEMPATH\View\View.php(216): CodeIgniter\View\View->CodeIgniter\View\{closure}()
 4 SYSTEMPATH\Common.php(1142): CodeIgniter\View\View->render('leafletdraw/v_edit_polygon', [], true)
 5 APPPATH\Controllers\Leafletdraw.php(95): view('leafletdraw/v_edit_polygon', [...])
 6 SYSTEMPATH\CodeIgniter.php(904): App\Controllers\Leafletdraw->edit_polygon('6')
 7 SYSTEMPATH\CodeIgniter.php(457): CodeIgniter\CodeIgniter->runController(Object(App\Controllers\Leafletdraw))
 8 SYSTEMPATH\CodeIgniter.php(340): CodeIgniter\CodeIgniter->handleRequest(null, Object(Config\Cache), false)
 9 FCPATH\index.php(67): CodeIgniter\CodeIgniter->run()
CRITICAL - 2022-11-23 20:12:20 --> Undefined variable $idpolygon
in APPPATH\Views\leafletdraw\v_edit_polygon.php on line 256.
 1 APPPATH\Views\leafletdraw\v_edit_polygon.php(256): CodeIgniter\Debug\Exceptions->errorHandler(2, 'Undefined variable $idpolygon', 'APPPATH\\Views\\leafletdraw\\v_edit_polygon.php', 256)
 2 SYSTEMPATH\View\View.php(213): include('APPPATH\\Views\\leafletdraw\\v_edit_polygon.php')
 3 SYSTEMPATH\View\View.php(216): CodeIgniter\View\View->CodeIgniter\View\{closure}()
 4 SYSTEMPATH\Common.php(1142): CodeIgniter\View\View->render('leafletdraw/v_edit_polygon', [], true)
 5 APPPATH\Controllers\Leafletdraw.php(95): view('leafletdraw/v_edit_polygon', [...])
 6 SYSTEMPATH\CodeIgniter.php(904): App\Controllers\Leafletdraw->edit_polygon('6')
 7 SYSTEMPATH\CodeIgniter.php(457): CodeIgniter\CodeIgniter->runController(Object(App\Controllers\Leafletdraw))
 8 SYSTEMPATH\CodeIgniter.php(340): CodeIgniter\CodeIgniter->handleRequest(null, Object(Config\Cache), false)
 9 FCPATH\index.php(67): CodeIgniter\CodeIgniter->run()
CRITICAL - 2022-11-23 20:12:21 --> Undefined variable $idpolygon
in APPPATH\Views\leafletdraw\v_edit_polygon.php on line 256.
 1 APPPATH\Views\leafletdraw\v_edit_polygon.php(256): CodeIgniter\Debug\Exceptions->errorHandler(2, 'Undefined variable $idpolygon', 'APPPATH\\Views\\leafletdraw\\v_edit_polygon.php', 256)
 2 SYSTEMPATH\View\View.php(213): include('APPPATH\\Views\\leafletdraw\\v_edit_polygon.php')
 3 SYSTEMPATH\View\View.php(216): CodeIgniter\View\View->CodeIgniter\View\{closure}()
 4 SYSTEMPATH\Common.php(1142): CodeIgniter\View\View->render('leafletdraw/v_edit_polygon', [], true)
 5 APPPATH\Controllers\Leafletdraw.php(95): view('leafletdraw/v_edit_polygon', [...])
 6 SYSTEMPATH\CodeIgniter.php(904): App\Controllers\Leafletdraw->edit_polygon('6')
 7 SYSTEMPATH\CodeIgniter.php(457): CodeIgniter\CodeIgniter->runController(Object(App\Controllers\Leafletdraw))
 8 SYSTEMPATH\CodeIgniter.php(340): CodeIgniter\CodeIgniter->handleRequest(null, Object(Config\Cache), false)
 9 FCPATH\index.php(67): CodeIgniter\CodeIgniter->run()
CRITICAL - 2022-11-23 20:12:25 --> Undefined variable $idpolygon
in APPPATH\Views\leafletdraw\v_edit_polygon.php on line 256.
 1 APPPATH\Views\leafletdraw\v_edit_polygon.php(256): CodeIgniter\Debug\Exceptions->errorHandler(2, 'Undefined variable $idpolygon', 'APPPATH\\Views\\leafletdraw\\v_edit_polygon.php', 256)
 2 SYSTEMPATH\View\View.php(213): include('APPPATH\\Views\\leafletdraw\\v_edit_polygon.php')
 3 SYSTEMPATH\View\View.php(216): CodeIgniter\View\View->CodeIgniter\View\{closure}()
 4 SYSTEMPATH\Common.php(1142): CodeIgniter\View\View->render('leafletdraw/v_edit_polygon', [], true)
 5 APPPATH\Controllers\Leafletdraw.php(95): view('leafletdraw/v_edit_polygon', [...])
 6 SYSTEMPATH\CodeIgniter.php(904): App\Controllers\Leafletdraw->edit_polygon('24')
 7 SYSTEMPATH\CodeIgniter.php(457): CodeIgniter\CodeIgniter->runController(Object(App\Controllers\Leafletdraw))
 8 SYSTEMPATH\CodeIgniter.php(340): CodeIgniter\CodeIgniter->handleRequest(null, Object(Config\Cache), false)
 9 FCPATH\index.php(67): CodeIgniter\CodeIgniter->run()
CRITICAL - 2022-11-23 20:14:27 --> Undefined variable $idpolygon
in APPPATH\Views\leafletdraw\v_edit_polygon.php on line 256.
 1 APPPATH\Views\leafletdraw\v_edit_polygon.php(256): CodeIgniter\Debug\Exceptions->errorHandler(2, 'Undefined variable $idpolygon', 'APPPATH\\Views\\leafletdraw\\v_edit_polygon.php', 256)
 2 SYSTEMPATH\View\View.php(213): include('APPPATH\\Views\\leafletdraw\\v_edit_polygon.php')
 3 SYSTEMPATH\View\View.php(216): CodeIgniter\View\View->CodeIgniter\View\{closure}()
 4 SYSTEMPATH\Common.php(1142): CodeIgniter\View\View->render('leafletdraw/v_edit_polygon', [], true)
 5 APPPATH\Controllers\Leafletdraw.php(95): view('leafletdraw/v_edit_polygon', [...])
 6 SYSTEMPATH\CodeIgniter.php(904): App\Controllers\Leafletdraw->edit_polygon('24')
 7 SYSTEMPATH\CodeIgniter.php(457): CodeIgniter\CodeIgniter->runController(Object(App\Controllers\Leafletdraw))
 8 SYSTEMPATH\CodeIgniter.php(340): CodeIgniter\CodeIgniter->handleRequest(null, Object(Config\Cache), false)
 9 FCPATH\index.php(67): CodeIgniter\CodeIgniter->run()
ERROR - 2022-11-23 21:36:20 --> ErrorException: pg_query(): Query failed: ERROR:  null value in column &quot;geom&quot; violates not-null constraint
DETAIL:  Failing row contains (25, dvsbf, null, dcsdxc, null, 2022-11-23 21:36:20, 2022-11-23 21:36:20, null). in C:\xampp\htdocs\semester5\petalokasiobjek\system\Database\Postgre\Connection.php:140
Stack trace:
#0 [internal function]: CodeIgniter\Debug\Exceptions->errorHandler(2, 'pg_query(): Que...', 'C:\\xampp\\htdocs...', 140)
#1 C:\xampp\htdocs\semester5\petalokasiobjek\system\Database\Postgre\Connection.php(140): pg_query(Object(PgSql\Connection), 'INSERT INTO "tb...')
#2 C:\xampp\htdocs\semester5\petalokasiobjek\system\Database\BaseConnection.php(693): CodeIgniter\Database\Postgre\Connection->execute('INSERT INTO "tb...')
#3 C:\xampp\htdocs\semester5\petalokasiobjek\system\Database\BaseConnection.php(620): CodeIgniter\Database\BaseConnection->simpleQuery('INSERT INTO "tb...')
#4 C:\xampp\htdocs\semester5\petalokasiobjek\system\Database\BaseBuilder.php(1916): CodeIgniter\Database\BaseConnection->query('INSERT INTO "tb...', Array, false)
#5 C:\xampp\htdocs\semester5\petalokasiobjek\system\Model.php(279): CodeIgniter\Database\BaseBuilder->insert()
#6 C:\xampp\htdocs\semester5\petalokasiobjek\system\BaseModel.php(738): CodeIgniter\Model->doInsert(Array)
#7 C:\xampp\htdocs\semester5\petalokasiobjek\system\Model.php(667): CodeIgniter\BaseModel->insert(Array, false)
#8 C:\xampp\htdocs\semester5\petalokasiobjek\system\BaseModel.php(658): CodeIgniter\Model->insert(Array, false)
#9 C:\xampp\htdocs\semester5\petalokasiobjek\app\Controllers\Leafletdraw.php(116): CodeIgniter\BaseModel->save(Array)
#10 C:\xampp\htdocs\semester5\petalokasiobjek\system\CodeIgniter.php(904): App\Controllers\Leafletdraw->simpan_edit_data_polygon()
#11 C:\xampp\htdocs\semester5\petalokasiobjek\system\CodeIgniter.php(457): CodeIgniter\CodeIgniter->runController(Object(App\Controllers\Leafletdraw))
#12 C:\xampp\htdocs\semester5\petalokasiobjek\system\CodeIgniter.php(340): CodeIgniter\CodeIgniter->handleRequest(NULL, Object(Config\Cache), false)
#13 C:\xampp\htdocs\semester5\petalokasiobjek\public\index.php(67): CodeIgniter\CodeIgniter->run()
#14 {main}
CRITICAL - 2022-11-23 21:36:20 --> pg_query(): Query failed: ERROR:  null value in column &quot;geom&quot; violates not-null constraint
DETAIL:  Failing row contains (25, dvsbf, null, dcsdxc, null, 2022-11-23 21:36:20, 2022-11-23 21:36:20, null).
in SYSTEMPATH\Database\Postgre\Connection.php on line 140.
 1 [internal function]: CodeIgniter\Debug\Exceptions->errorHandler(2, 'pg_query(): Query failed: ERROR:  null value in column &quot;geom&quot; violates not-null constraint
DETAIL:  Failing row contains (25, dvsbf, null, dcsdxc, null, 2022-11-23 21:36:20, 2022-11-23 21:36:20, null).', 'SYSTEMPATH\\Database\\Postgre\\Connection.php', 140)
 2 SYSTEMPATH\Database\Postgre\Connection.php(140): pg_query(Object(PgSql\Connection), 'INSERT INTO "tbl_data_polygon" ("nama", "deskripsi", "created_at", "updated_at") VALUES (\'dvsbf\', \'dcsdxc\', \'2022-11-23 21:36:20\', \'2022-11-23 21:36:20\')')
 3 SYSTEMPATH\Database\BaseConnection.php(693): CodeIgniter\Database\Postgre\Connection->execute('INSERT INTO "tbl_data_polygon" ("nama", "deskripsi", "created_at", "updated_at") VALUES (\'dvsbf\', \'dcsdxc\', \'2022-11-23 21:36:20\', \'2022-11-23 21:36:20\')')
 4 SYSTEMPATH\Database\BaseConnection.php(620): CodeIgniter\Database\BaseConnection->simpleQuery('INSERT INTO "tbl_data_polygon" ("nama", "deskripsi", "created_at", "updated_at") VALUES (\'dvsbf\', \'dcsdxc\', \'2022-11-23 21:36:20\', \'2022-11-23 21:36:20\')')
 5 SYSTEMPATH\Database\BaseBuilder.php(1916): CodeIgniter\Database\BaseConnection->query('INSERT INTO "tbl_data_polygon" ("nama", "deskripsi", "created_at", "updated_at") VALUES (:nama:, :deskripsi:, :created_at:, :updated_at:)', [...], false)
 6 SYSTEMPATH\Model.php(279): CodeIgniter\Database\BaseBuilder->insert()
 7 SYSTEMPATH\BaseModel.php(738): CodeIgniter\Model->doInsert([...])
 8 SYSTEMPATH\Model.php(667): CodeIgniter\BaseModel->insert([...], false)
 9 SYSTEMPATH\BaseModel.php(658): CodeIgniter\Model->insert([...], false)
10 APPPATH\Controllers\Leafletdraw.php(116): CodeIgniter\BaseModel->save([...])
11 SYSTEMPATH\CodeIgniter.php(904): App\Controllers\Leafletdraw->simpan_edit_data_polygon()
12 SYSTEMPATH\CodeIgniter.php(457): CodeIgniter\CodeIgniter->runController(Object(App\Controllers\Leafletdraw))
13 SYSTEMPATH\CodeIgniter.php(340): CodeIgniter\CodeIgniter->handleRequest(null, Object(Config\Cache), false)
14 FCPATH\index.php(67): CodeIgniter\CodeIgniter->run()
