CRITICAL - 2022-10-11 11:00:25 --> Invalid file: index.php
in SYSTEMPATH\Exceptions\FrameworkException.php on line 33.
 1 SYSTEMPATH\View\View.php(201): CodeIgniter\Exceptions\FrameworkException::forInvalidFile('FCPATH\\index.php')
 2 SYSTEMPATH\Common.php(1142): CodeIgniter\View\View->render('index', [], true)
 3 APPPATH\Controllers\Point.php(11): view('index')
 4 SYSTEMPATH\CodeIgniter.php(904): App\Controllers\Point->index()
 5 SYSTEMPATH\CodeIgniter.php(457): CodeIgniter\CodeIgniter->runController(Object(App\Controllers\Point))
 6 SYSTEMPATH\CodeIgniter.php(340): CodeIgniter\CodeIgniter->handleRequest(null, Object(Config\Cache), false)
 7 FCPATH\index.php(67): CodeIgniter\CodeIgniter->run()
CRITICAL - 2022-10-11 11:01:24 --> Invalid file: point.php
in SYSTEMPATH\Exceptions\FrameworkException.php on line 33.
 1 SYSTEMPATH\View\View.php(201): CodeIgniter\Exceptions\FrameworkException::forInvalidFile('point.php')
 2 SYSTEMPATH\Common.php(1142): CodeIgniter\View\View->render('point', [], true)
 3 APPPATH\Controllers\Point.php(11): view('point')
 4 SYSTEMPATH\CodeIgniter.php(904): App\Controllers\Point->index()
 5 SYSTEMPATH\CodeIgniter.php(457): CodeIgniter\CodeIgniter->runController(Object(App\Controllers\Point))
 6 SYSTEMPATH\CodeIgniter.php(340): CodeIgniter\CodeIgniter->handleRequest(null, Object(Config\Cache), false)
 7 FCPATH\index.php(67): CodeIgniter\CodeIgniter->run()
CRITICAL - 2022-10-11 11:01:25 --> Invalid file: point.php
in SYSTEMPATH\Exceptions\FrameworkException.php on line 33.
 1 SYSTEMPATH\View\View.php(201): CodeIgniter\Exceptions\FrameworkException::forInvalidFile('point.php')
 2 SYSTEMPATH\Common.php(1142): CodeIgniter\View\View->render('point', [], true)
 3 APPPATH\Controllers\Point.php(11): view('point')
 4 SYSTEMPATH\CodeIgniter.php(904): App\Controllers\Point->index()
 5 SYSTEMPATH\CodeIgniter.php(457): CodeIgniter\CodeIgniter->runController(Object(App\Controllers\Point))
 6 SYSTEMPATH\CodeIgniter.php(340): CodeIgniter\CodeIgniter->handleRequest(null, Object(Config\Cache), false)
 7 FCPATH\index.php(67): CodeIgniter\CodeIgniter->run()
CRITICAL - 2022-10-11 13:02:26 --> Undefined variable $geojson
in APPPATH\Controllers\Api.php on line 49.
 1 APPPATH\Controllers\Api.php(49): CodeIgniter\Debug\Exceptions->errorHandler(2, 'Undefined variable $geojson', 'APPPATH\\Controllers\\Api.php', 49)
 2 SYSTEMPATH\CodeIgniter.php(904): App\Controllers\Api->index()
 3 SYSTEMPATH\CodeIgniter.php(457): CodeIgniter\CodeIgniter->runController(Object(App\Controllers\Api))
 4 SYSTEMPATH\CodeIgniter.php(340): CodeIgniter\CodeIgniter->handleRequest(null, Object(Config\Cache), false)
 5 FCPATH\index.php(67): CodeIgniter\CodeIgniter->run()
CRITICAL - 2022-10-11 13:24:54 --> Undefined variable $geojson
in APPPATH\Views\v_point.php on line 39.
 1 APPPATH\Views\v_point.php(39): CodeIgniter\Debug\Exceptions->errorHandler(2, 'Undefined variable $geojson', 'APPPATH\\Views\\v_point.php', 39)
 2 SYSTEMPATH\View\View.php(213): include('APPPATH\\Views\\v_point.php')
 3 SYSTEMPATH\View\View.php(216): CodeIgniter\View\View->CodeIgniter\View\{closure}()
 4 SYSTEMPATH\Common.php(1142): CodeIgniter\View\View->render('v_point', [], true)
 5 APPPATH\Controllers\Point.php(21): view('v_point')
 6 SYSTEMPATH\CodeIgniter.php(904): App\Controllers\Point->index()
 7 SYSTEMPATH\CodeIgniter.php(457): CodeIgniter\CodeIgniter->runController(Object(App\Controllers\Point))
 8 SYSTEMPATH\CodeIgniter.php(340): CodeIgniter\CodeIgniter->handleRequest(null, Object(Config\Cache), false)
 9 FCPATH\index.php(67): CodeIgniter\CodeIgniter->run()
CRITICAL - 2022-10-11 13:25:12 --> Undefined variable $geojson
in APPPATH\Views\v_point.php on line 39.
 1 APPPATH\Views\v_point.php(39): CodeIgniter\Debug\Exceptions->errorHandler(2, 'Undefined variable $geojson', 'APPPATH\\Views\\v_point.php', 39)
 2 SYSTEMPATH\View\View.php(213): include('APPPATH\\Views\\v_point.php')
 3 SYSTEMPATH\View\View.php(216): CodeIgniter\View\View->CodeIgniter\View\{closure}()
 4 SYSTEMPATH\Common.php(1142): CodeIgniter\View\View->render('v_point', [], true)
 5 APPPATH\Controllers\Point.php(21): view('v_point')
 6 SYSTEMPATH\CodeIgniter.php(904): App\Controllers\Point->index()
 7 SYSTEMPATH\CodeIgniter.php(457): CodeIgniter\CodeIgniter->runController(Object(App\Controllers\Point))
 8 SYSTEMPATH\CodeIgniter.php(340): CodeIgniter\CodeIgniter->handleRequest(null, Object(Config\Cache), false)
 9 FCPATH\index.php(67): CodeIgniter\CodeIgniter->run()
CRITICAL - 2022-10-11 13:25:49 --> Undefined variable $geojson
in APPPATH\Views\v_point.php on line 39.
 1 APPPATH\Views\v_point.php(39): CodeIgniter\Debug\Exceptions->errorHandler(2, 'Undefined variable $geojson', 'APPPATH\\Views\\v_point.php', 39)
 2 SYSTEMPATH\View\View.php(213): include('APPPATH\\Views\\v_point.php')
 3 SYSTEMPATH\View\View.php(216): CodeIgniter\View\View->CodeIgniter\View\{closure}()
 4 SYSTEMPATH\Common.php(1142): CodeIgniter\View\View->render('v_point', [], true)
 5 APPPATH\Controllers\Point.php(21): view('v_point')
 6 SYSTEMPATH\CodeIgniter.php(904): App\Controllers\Point->index()
 7 SYSTEMPATH\CodeIgniter.php(457): CodeIgniter\CodeIgniter->runController(Object(App\Controllers\Point))
 8 SYSTEMPATH\CodeIgniter.php(340): CodeIgniter\CodeIgniter->handleRequest(null, Object(Config\Cache), false)
 9 FCPATH\index.php(67): CodeIgniter\CodeIgniter->run()
CRITICAL - 2022-10-11 13:26:33 --> Undefined variable $dataobjek
in APPPATH\Views\v_point.php on line 39.
 1 APPPATH\Views\v_point.php(39): CodeIgniter\Debug\Exceptions->errorHandler(2, 'Undefined variable $dataobjek', 'APPPATH\\Views\\v_point.php', 39)
 2 SYSTEMPATH\View\View.php(213): include('APPPATH\\Views\\v_point.php')
 3 SYSTEMPATH\View\View.php(216): CodeIgniter\View\View->CodeIgniter\View\{closure}()
 4 SYSTEMPATH\Common.php(1142): CodeIgniter\View\View->render('v_point', [], true)
 5 APPPATH\Controllers\Point.php(21): view('v_point')
 6 SYSTEMPATH\CodeIgniter.php(904): App\Controllers\Point->index()
 7 SYSTEMPATH\CodeIgniter.php(457): CodeIgniter\CodeIgniter->runController(Object(App\Controllers\Point))
 8 SYSTEMPATH\CodeIgniter.php(340): CodeIgniter\CodeIgniter->handleRequest(null, Object(Config\Cache), false)
 9 FCPATH\index.php(67): CodeIgniter\CodeIgniter->run()
CRITICAL - 2022-10-11 13:26:53 --> Undefined variable $dataobjek
in APPPATH\Views\v_point.php on line 39.
 1 APPPATH\Views\v_point.php(39): CodeIgniter\Debug\Exceptions->errorHandler(2, 'Undefined variable $dataobjek', 'APPPATH\\Views\\v_point.php', 39)
 2 SYSTEMPATH\View\View.php(213): include('APPPATH\\Views\\v_point.php')
 3 SYSTEMPATH\View\View.php(216): CodeIgniter\View\View->CodeIgniter\View\{closure}()
 4 SYSTEMPATH\Common.php(1142): CodeIgniter\View\View->render('v_point', [], true)
 5 APPPATH\Controllers\Point.php(21): view('v_point')
 6 SYSTEMPATH\CodeIgniter.php(904): App\Controllers\Point->index()
 7 SYSTEMPATH\CodeIgniter.php(457): CodeIgniter\CodeIgniter->runController(Object(App\Controllers\Point))
 8 SYSTEMPATH\CodeIgniter.php(340): CodeIgniter\CodeIgniter->handleRequest(null, Object(Config\Cache), false)
 9 FCPATH\index.php(67): CodeIgniter\CodeIgniter->run()
CRITICAL - 2022-10-11 13:27:23 --> Undefined variable $dataobjek
in APPPATH\Views\v_point.php on line 39.
 1 APPPATH\Views\v_point.php(39): CodeIgniter\Debug\Exceptions->errorHandler(2, 'Undefined variable $dataobjek', 'APPPATH\\Views\\v_point.php', 39)
 2 SYSTEMPATH\View\View.php(213): include('APPPATH\\Views\\v_point.php')
 3 SYSTEMPATH\View\View.php(216): CodeIgniter\View\View->CodeIgniter\View\{closure}()
 4 SYSTEMPATH\Common.php(1142): CodeIgniter\View\View->render('v_point', [], true)
 5 APPPATH\Controllers\Point.php(21): view('v_point')
 6 SYSTEMPATH\CodeIgniter.php(904): App\Controllers\Point->index()
 7 SYSTEMPATH\CodeIgniter.php(457): CodeIgniter\CodeIgniter->runController(Object(App\Controllers\Point))
 8 SYSTEMPATH\CodeIgniter.php(340): CodeIgniter\CodeIgniter->handleRequest(null, Object(Config\Cache), false)
 9 FCPATH\index.php(67): CodeIgniter\CodeIgniter->run()
CRITICAL - 2022-10-11 13:27:24 --> Undefined variable $dataobjek
in APPPATH\Views\v_point.php on line 39.
 1 APPPATH\Views\v_point.php(39): CodeIgniter\Debug\Exceptions->errorHandler(2, 'Undefined variable $dataobjek', 'APPPATH\\Views\\v_point.php', 39)
 2 SYSTEMPATH\View\View.php(213): include('APPPATH\\Views\\v_point.php')
 3 SYSTEMPATH\View\View.php(216): CodeIgniter\View\View->CodeIgniter\View\{closure}()
 4 SYSTEMPATH\Common.php(1142): CodeIgniter\View\View->render('v_point', [], true)
 5 APPPATH\Controllers\Point.php(21): view('v_point')
 6 SYSTEMPATH\CodeIgniter.php(904): App\Controllers\Point->index()
 7 SYSTEMPATH\CodeIgniter.php(457): CodeIgniter\CodeIgniter->runController(Object(App\Controllers\Point))
 8 SYSTEMPATH\CodeIgniter.php(340): CodeIgniter\CodeIgniter->handleRequest(null, Object(Config\Cache), false)
 9 FCPATH\index.php(67): CodeIgniter\CodeIgniter->run()
CRITICAL - 2022-10-11 13:27:24 --> Undefined variable $dataobjek
in APPPATH\Views\v_point.php on line 39.
 1 APPPATH\Views\v_point.php(39): CodeIgniter\Debug\Exceptions->errorHandler(2, 'Undefined variable $dataobjek', 'APPPATH\\Views\\v_point.php', 39)
 2 SYSTEMPATH\View\View.php(213): include('APPPATH\\Views\\v_point.php')
 3 SYSTEMPATH\View\View.php(216): CodeIgniter\View\View->CodeIgniter\View\{closure}()
 4 SYSTEMPATH\Common.php(1142): CodeIgniter\View\View->render('v_point', [], true)
 5 APPPATH\Controllers\Point.php(21): view('v_point')
 6 SYSTEMPATH\CodeIgniter.php(904): App\Controllers\Point->index()
 7 SYSTEMPATH\CodeIgniter.php(457): CodeIgniter\CodeIgniter->runController(Object(App\Controllers\Point))
 8 SYSTEMPATH\CodeIgniter.php(340): CodeIgniter\CodeIgniter->handleRequest(null, Object(Config\Cache), false)
 9 FCPATH\index.php(67): CodeIgniter\CodeIgniter->run()
CRITICAL - 2022-10-11 13:27:24 --> Undefined variable $dataobjek
in APPPATH\Views\v_point.php on line 39.
 1 APPPATH\Views\v_point.php(39): CodeIgniter\Debug\Exceptions->errorHandler(2, 'Undefined variable $dataobjek', 'APPPATH\\Views\\v_point.php', 39)
 2 SYSTEMPATH\View\View.php(213): include('APPPATH\\Views\\v_point.php')
 3 SYSTEMPATH\View\View.php(216): CodeIgniter\View\View->CodeIgniter\View\{closure}()
 4 SYSTEMPATH\Common.php(1142): CodeIgniter\View\View->render('v_point', [], true)
 5 APPPATH\Controllers\Point.php(21): view('v_point')
 6 SYSTEMPATH\CodeIgniter.php(904): App\Controllers\Point->index()
 7 SYSTEMPATH\CodeIgniter.php(457): CodeIgniter\CodeIgniter->runController(Object(App\Controllers\Point))
 8 SYSTEMPATH\CodeIgniter.php(340): CodeIgniter\CodeIgniter->handleRequest(null, Object(Config\Cache), false)
 9 FCPATH\index.php(67): CodeIgniter\CodeIgniter->run()
CRITICAL - 2022-10-11 13:27:24 --> Undefined variable $dataobjek
in APPPATH\Views\v_point.php on line 39.
 1 APPPATH\Views\v_point.php(39): CodeIgniter\Debug\Exceptions->errorHandler(2, 'Undefined variable $dataobjek', 'APPPATH\\Views\\v_point.php', 39)
 2 SYSTEMPATH\View\View.php(213): include('APPPATH\\Views\\v_point.php')
 3 SYSTEMPATH\View\View.php(216): CodeIgniter\View\View->CodeIgniter\View\{closure}()
 4 SYSTEMPATH\Common.php(1142): CodeIgniter\View\View->render('v_point', [], true)
 5 APPPATH\Controllers\Point.php(21): view('v_point')
 6 SYSTEMPATH\CodeIgniter.php(904): App\Controllers\Point->index()
 7 SYSTEMPATH\CodeIgniter.php(457): CodeIgniter\CodeIgniter->runController(Object(App\Controllers\Point))
 8 SYSTEMPATH\CodeIgniter.php(340): CodeIgniter\CodeIgniter->handleRequest(null, Object(Config\Cache), false)
 9 FCPATH\index.php(67): CodeIgniter\CodeIgniter->run()
CRITICAL - 2022-10-11 13:28:02 --> Undefined variable $dataobjek
in APPPATH\Views\v_point.php on line 39.
 1 APPPATH\Views\v_point.php(39): CodeIgniter\Debug\Exceptions->errorHandler(2, 'Undefined variable $dataobjek', 'APPPATH\\Views\\v_point.php', 39)
 2 SYSTEMPATH\View\View.php(213): include('APPPATH\\Views\\v_point.php')
 3 SYSTEMPATH\View\View.php(216): CodeIgniter\View\View->CodeIgniter\View\{closure}()
 4 SYSTEMPATH\Common.php(1142): CodeIgniter\View\View->render('v_point', [], true)
 5 APPPATH\Controllers\Point.php(21): view('v_point')
 6 SYSTEMPATH\CodeIgniter.php(904): App\Controllers\Point->index()
 7 SYSTEMPATH\CodeIgniter.php(457): CodeIgniter\CodeIgniter->runController(Object(App\Controllers\Point))
 8 SYSTEMPATH\CodeIgniter.php(340): CodeIgniter\CodeIgniter->handleRequest(null, Object(Config\Cache), false)
 9 FCPATH\index.php(67): CodeIgniter\CodeIgniter->run()
CRITICAL - 2022-10-11 13:28:07 --> Undefined variable $dataobjek
in APPPATH\Views\v_point.php on line 39.
 1 APPPATH\Views\v_point.php(39): CodeIgniter\Debug\Exceptions->errorHandler(2, 'Undefined variable $dataobjek', 'APPPATH\\Views\\v_point.php', 39)
 2 SYSTEMPATH\View\View.php(213): include('APPPATH\\Views\\v_point.php')
 3 SYSTEMPATH\View\View.php(216): CodeIgniter\View\View->CodeIgniter\View\{closure}()
 4 SYSTEMPATH\Common.php(1142): CodeIgniter\View\View->render('v_point', [], true)
 5 APPPATH\Controllers\Point.php(21): view('v_point')
 6 SYSTEMPATH\CodeIgniter.php(904): App\Controllers\Point->index()
 7 SYSTEMPATH\CodeIgniter.php(457): CodeIgniter\CodeIgniter->runController(Object(App\Controllers\Point))
 8 SYSTEMPATH\CodeIgniter.php(340): CodeIgniter\CodeIgniter->handleRequest(null, Object(Config\Cache), false)
 9 FCPATH\index.php(67): CodeIgniter\CodeIgniter->run()
CRITICAL - 2022-10-11 13:31:01 --> Undefined variable $dataobjek
in APPPATH\Views\v_point.php on line 39.
 1 APPPATH\Views\v_point.php(39): CodeIgniter\Debug\Exceptions->errorHandler(2, 'Undefined variable $dataobjek', 'APPPATH\\Views\\v_point.php', 39)
 2 SYSTEMPATH\View\View.php(213): include('APPPATH\\Views\\v_point.php')
 3 SYSTEMPATH\View\View.php(216): CodeIgniter\View\View->CodeIgniter\View\{closure}()
 4 SYSTEMPATH\Common.php(1142): CodeIgniter\View\View->render('v_point', [], true)
 5 APPPATH\Controllers\Point.php(21): view('v_point')
 6 SYSTEMPATH\CodeIgniter.php(904): App\Controllers\Point->index()
 7 SYSTEMPATH\CodeIgniter.php(457): CodeIgniter\CodeIgniter->runController(Object(App\Controllers\Point))
 8 SYSTEMPATH\CodeIgniter.php(340): CodeIgniter\CodeIgniter->handleRequest(null, Object(Config\Cache), false)
 9 FCPATH\index.php(67): CodeIgniter\CodeIgniter->run()
CRITICAL - 2022-10-11 13:31:33 --> Undefined variable $dataobjek
in APPPATH\Views\v_point.php on line 39.
 1 APPPATH\Views\v_point.php(39): CodeIgniter\Debug\Exceptions->errorHandler(2, 'Undefined variable $dataobjek', 'APPPATH\\Views\\v_point.php', 39)
 2 SYSTEMPATH\View\View.php(213): include('APPPATH\\Views\\v_point.php')
 3 SYSTEMPATH\View\View.php(216): CodeIgniter\View\View->CodeIgniter\View\{closure}()
 4 SYSTEMPATH\Common.php(1142): CodeIgniter\View\View->render('v_point', [], true)
 5 APPPATH\Controllers\Point.php(21): view('v_point')
 6 SYSTEMPATH\CodeIgniter.php(904): App\Controllers\Point->index()
 7 SYSTEMPATH\CodeIgniter.php(457): CodeIgniter\CodeIgniter->runController(Object(App\Controllers\Point))
 8 SYSTEMPATH\CodeIgniter.php(340): CodeIgniter\CodeIgniter->handleRequest(null, Object(Config\Cache), false)
 9 FCPATH\index.php(67): CodeIgniter\CodeIgniter->run()
CRITICAL - 2022-10-11 13:35:28 --> Undefined property: App\Controllers\Point::$load
in APPPATH\Controllers\Point.php on line 15.
 1 APPPATH\Controllers\Point.php(15): CodeIgniter\Debug\Exceptions->errorHandler(2, 'Undefined property: App\\Controllers\\Point::$load', 'APPPATH\\Controllers\\Point.php', 15)
 2 SYSTEMPATH\CodeIgniter.php(866): App\Controllers\Point->__construct()
 3 SYSTEMPATH\CodeIgniter.php(448): CodeIgniter\CodeIgniter->createController()
 4 SYSTEMPATH\CodeIgniter.php(340): CodeIgniter\CodeIgniter->handleRequest(null, Object(Config\Cache), false)
 5 FCPATH\index.php(67): CodeIgniter\CodeIgniter->run()
CRITICAL - 2022-10-11 13:39:11 --> Undefined variable $geojson
in APPPATH\Views\v_point.php on line 39.
 1 APPPATH\Views\v_point.php(39): CodeIgniter\Debug\Exceptions->errorHandler(2, 'Undefined variable $geojson', 'APPPATH\\Views\\v_point.php', 39)
 2 SYSTEMPATH\View\View.php(213): include('APPPATH\\Views\\v_point.php')
 3 SYSTEMPATH\View\View.php(216): CodeIgniter\View\View->CodeIgniter\View\{closure}()
 4 SYSTEMPATH\Common.php(1142): CodeIgniter\View\View->render('v_point', [], true)
 5 APPPATH\Controllers\Point.php(20): view('v_point')
 6 SYSTEMPATH\CodeIgniter.php(904): App\Controllers\Point->index()
 7 SYSTEMPATH\CodeIgniter.php(457): CodeIgniter\CodeIgniter->runController(Object(App\Controllers\Point))
 8 SYSTEMPATH\CodeIgniter.php(340): CodeIgniter\CodeIgniter->handleRequest(null, Object(Config\Cache), false)
 9 FCPATH\index.php(67): CodeIgniter\CodeIgniter->run()
CRITICAL - 2022-10-11 13:41:25 --> Undefined variable $geojson
in APPPATH\Views\v_point.php on line 39.
 1 APPPATH\Views\v_point.php(39): CodeIgniter\Debug\Exceptions->errorHandler(2, 'Undefined variable $geojson', 'APPPATH\\Views\\v_point.php', 39)
 2 SYSTEMPATH\View\View.php(213): include('APPPATH\\Views\\v_point.php')
 3 SYSTEMPATH\View\View.php(216): CodeIgniter\View\View->CodeIgniter\View\{closure}()
 4 SYSTEMPATH\Common.php(1142): CodeIgniter\View\View->render('v_point', [], true)
 5 APPPATH\Controllers\Point.php(20): view('v_point')
 6 SYSTEMPATH\CodeIgniter.php(904): App\Controllers\Point->index()
 7 SYSTEMPATH\CodeIgniter.php(457): CodeIgniter\CodeIgniter->runController(Object(App\Controllers\Point))
 8 SYSTEMPATH\CodeIgniter.php(340): CodeIgniter\CodeIgniter->handleRequest(null, Object(Config\Cache), false)
 9 FCPATH\index.php(67): CodeIgniter\CodeIgniter->run()
CRITICAL - 2022-10-11 13:44:14 --> Undefined variable $geojson
in APPPATH\Views\v_point.php on line 39.
 1 APPPATH\Views\v_point.php(39): CodeIgniter\Debug\Exceptions->errorHandler(2, 'Undefined variable $geojson', 'APPPATH\\Views\\v_point.php', 39)
 2 SYSTEMPATH\View\View.php(213): include('APPPATH\\Views\\v_point.php')
 3 SYSTEMPATH\View\View.php(216): CodeIgniter\View\View->CodeIgniter\View\{closure}()
 4 SYSTEMPATH\Common.php(1142): CodeIgniter\View\View->render('v_point', [], true)
 5 APPPATH\Controllers\Point.php(20): view('v_point')
 6 SYSTEMPATH\CodeIgniter.php(904): App\Controllers\Point->index()
 7 SYSTEMPATH\CodeIgniter.php(457): CodeIgniter\CodeIgniter->runController(Object(App\Controllers\Point))
 8 SYSTEMPATH\CodeIgniter.php(340): CodeIgniter\CodeIgniter->handleRequest(null, Object(Config\Cache), false)
 9 FCPATH\index.php(67): CodeIgniter\CodeIgniter->run()
CRITICAL - 2022-10-11 13:44:15 --> Undefined variable $geojson
in APPPATH\Views\v_point.php on line 39.
 1 APPPATH\Views\v_point.php(39): CodeIgniter\Debug\Exceptions->errorHandler(2, 'Undefined variable $geojson', 'APPPATH\\Views\\v_point.php', 39)
 2 SYSTEMPATH\View\View.php(213): include('APPPATH\\Views\\v_point.php')
 3 SYSTEMPATH\View\View.php(216): CodeIgniter\View\View->CodeIgniter\View\{closure}()
 4 SYSTEMPATH\Common.php(1142): CodeIgniter\View\View->render('v_point', [], true)
 5 APPPATH\Controllers\Point.php(20): view('v_point')
 6 SYSTEMPATH\CodeIgniter.php(904): App\Controllers\Point->index()
 7 SYSTEMPATH\CodeIgniter.php(457): CodeIgniter\CodeIgniter->runController(Object(App\Controllers\Point))
 8 SYSTEMPATH\CodeIgniter.php(340): CodeIgniter\CodeIgniter->handleRequest(null, Object(Config\Cache), false)
 9 FCPATH\index.php(67): CodeIgniter\CodeIgniter->run()
CRITICAL - 2022-10-11 13:44:16 --> Undefined variable $geojson
in APPPATH\Views\v_point.php on line 39.
 1 APPPATH\Views\v_point.php(39): CodeIgniter\Debug\Exceptions->errorHandler(2, 'Undefined variable $geojson', 'APPPATH\\Views\\v_point.php', 39)
 2 SYSTEMPATH\View\View.php(213): include('APPPATH\\Views\\v_point.php')
 3 SYSTEMPATH\View\View.php(216): CodeIgniter\View\View->CodeIgniter\View\{closure}()
 4 SYSTEMPATH\Common.php(1142): CodeIgniter\View\View->render('v_point', [], true)
 5 APPPATH\Controllers\Point.php(20): view('v_point')
 6 SYSTEMPATH\CodeIgniter.php(904): App\Controllers\Point->index()
 7 SYSTEMPATH\CodeIgniter.php(457): CodeIgniter\CodeIgniter->runController(Object(App\Controllers\Point))
 8 SYSTEMPATH\CodeIgniter.php(340): CodeIgniter\CodeIgniter->handleRequest(null, Object(Config\Cache), false)
 9 FCPATH\index.php(67): CodeIgniter\CodeIgniter->run()
CRITICAL - 2022-10-11 13:44:16 --> Undefined variable $geojson
in APPPATH\Views\v_point.php on line 39.
 1 APPPATH\Views\v_point.php(39): CodeIgniter\Debug\Exceptions->errorHandler(2, 'Undefined variable $geojson', 'APPPATH\\Views\\v_point.php', 39)
 2 SYSTEMPATH\View\View.php(213): include('APPPATH\\Views\\v_point.php')
 3 SYSTEMPATH\View\View.php(216): CodeIgniter\View\View->CodeIgniter\View\{closure}()
 4 SYSTEMPATH\Common.php(1142): CodeIgniter\View\View->render('v_point', [], true)
 5 APPPATH\Controllers\Point.php(20): view('v_point')
 6 SYSTEMPATH\CodeIgniter.php(904): App\Controllers\Point->index()
 7 SYSTEMPATH\CodeIgniter.php(457): CodeIgniter\CodeIgniter->runController(Object(App\Controllers\Point))
 8 SYSTEMPATH\CodeIgniter.php(340): CodeIgniter\CodeIgniter->handleRequest(null, Object(Config\Cache), false)
 9 FCPATH\index.php(67): CodeIgniter\CodeIgniter->run()
CRITICAL - 2022-10-11 13:46:56 --> syntax error, unexpected token "return"
in APPPATH\Controllers\Api.php on line 51.
 1 SYSTEMPATH\Router\Router.php(499): CodeIgniter\Router\AutoRouter->getRoute('Api')
 2 SYSTEMPATH\Router\Router.php(205): CodeIgniter\Router\Router->autoRoute('Api')
 3 SYSTEMPATH\CodeIgniter.php(779): CodeIgniter\Router\Router->handle('Api')
 4 SYSTEMPATH\CodeIgniter.php(406): CodeIgniter\CodeIgniter->tryToRouteIt(Object(CodeIgniter\Router\RouteCollection))
 5 SYSTEMPATH\CodeIgniter.php(340): CodeIgniter\CodeIgniter->handleRequest(null, Object(Config\Cache), false)
 6 FCPATH\index.php(67): CodeIgniter\CodeIgniter->run()
CRITICAL - 2022-10-11 13:55:03 --> Allowed memory size of 536870912 bytes exhausted (tried to allocate 20480 bytes)
in APPPATH\Controllers\Api.php on line 21.
 1 [internal function]: CodeIgniter\Debug\Exceptions->shutdownHandler()
CRITICAL - 2022-10-11 13:55:28 --> Allowed memory size of 536870912 bytes exhausted (tried to allocate 20480 bytes)
in APPPATH\Controllers\Api.php on line 21.
 1 [internal function]: CodeIgniter\Debug\Exceptions->shutdownHandler()
CRITICAL - 2022-10-11 13:55:57 --> Allowed memory size of 536870912 bytes exhausted (tried to allocate 20480 bytes)
in APPPATH\Controllers\Api.php on line 21.
 1 [internal function]: CodeIgniter\Debug\Exceptions->shutdownHandler()
CRITICAL - 2022-10-11 13:56:48 --> Allowed memory size of 536870912 bytes exhausted (tried to allocate 20480 bytes)
in APPPATH\Controllers\Api.php on line 21.
 1 [internal function]: CodeIgniter\Debug\Exceptions->shutdownHandler()
CRITICAL - 2022-10-11 13:58:49 --> Undefined variable $geojson
in APPPATH\Views\v_point.php on line 40.
 1 APPPATH\Views\v_point.php(40): CodeIgniter\Debug\Exceptions->errorHandler(2, 'Undefined variable $geojson', 'APPPATH\\Views\\v_point.php', 40)
 2 SYSTEMPATH\View\View.php(213): include('APPPATH\\Views\\v_point.php')
 3 SYSTEMPATH\View\View.php(216): CodeIgniter\View\View->CodeIgniter\View\{closure}()
 4 SYSTEMPATH\Common.php(1142): CodeIgniter\View\View->render('v_point', [], true)
 5 APPPATH\Controllers\Point.php(20): view('v_point')
 6 SYSTEMPATH\CodeIgniter.php(904): App\Controllers\Point->index()
 7 SYSTEMPATH\CodeIgniter.php(457): CodeIgniter\CodeIgniter->runController(Object(App\Controllers\Point))
 8 SYSTEMPATH\CodeIgniter.php(340): CodeIgniter\CodeIgniter->handleRequest(null, Object(Config\Cache), false)
 9 FCPATH\index.php(67): CodeIgniter\CodeIgniter->run()
CRITICAL - 2022-10-11 18:06:50 --> Undefined variable $base_url
in APPPATH\Views\v_point.php on line 38.
 1 APPPATH\Views\v_point.php(38): CodeIgniter\Debug\Exceptions->errorHandler(2, 'Undefined variable $base_url', 'APPPATH\\Views\\v_point.php', 38)
 2 SYSTEMPATH\View\View.php(213): include('APPPATH\\Views\\v_point.php')
 3 SYSTEMPATH\View\View.php(216): CodeIgniter\View\View->CodeIgniter\View\{closure}()
 4 SYSTEMPATH\Common.php(1142): CodeIgniter\View\View->render('v_point', [], true)
 5 APPPATH\Controllers\Point.php(19): view('v_point')
 6 SYSTEMPATH\CodeIgniter.php(904): App\Controllers\Point->index()
 7 SYSTEMPATH\CodeIgniter.php(457): CodeIgniter\CodeIgniter->runController(Object(App\Controllers\Point))
 8 SYSTEMPATH\CodeIgniter.php(340): CodeIgniter\CodeIgniter->handleRequest(null, Object(Config\Cache), false)
 9 FCPATH\index.php(67): CodeIgniter\CodeIgniter->run()
CRITICAL - 2022-10-11 18:08:52 --> Undefined variable $base_url
in APPPATH\Views\v_point.php on line 38.
 1 APPPATH\Views\v_point.php(38): CodeIgniter\Debug\Exceptions->errorHandler(2, 'Undefined variable $base_url', 'APPPATH\\Views\\v_point.php', 38)
 2 SYSTEMPATH\View\View.php(213): include('APPPATH\\Views\\v_point.php')
 3 SYSTEMPATH\View\View.php(216): CodeIgniter\View\View->CodeIgniter\View\{closure}()
 4 SYSTEMPATH\Common.php(1142): CodeIgniter\View\View->render('v_point', [], true)
 5 APPPATH\Controllers\Point.php(19): view('v_point')
 6 SYSTEMPATH\CodeIgniter.php(904): App\Controllers\Point->index()
 7 SYSTEMPATH\CodeIgniter.php(457): CodeIgniter\CodeIgniter->runController(Object(App\Controllers\Point))
 8 SYSTEMPATH\CodeIgniter.php(340): CodeIgniter\CodeIgniter->handleRequest(null, Object(Config\Cache), false)
 9 FCPATH\index.php(67): CodeIgniter\CodeIgniter->run()
CRITICAL - 2022-10-11 18:08:52 --> Undefined variable $base_url
in APPPATH\Views\v_point.php on line 38.
 1 APPPATH\Views\v_point.php(38): CodeIgniter\Debug\Exceptions->errorHandler(2, 'Undefined variable $base_url', 'APPPATH\\Views\\v_point.php', 38)
 2 SYSTEMPATH\View\View.php(213): include('APPPATH\\Views\\v_point.php')
 3 SYSTEMPATH\View\View.php(216): CodeIgniter\View\View->CodeIgniter\View\{closure}()
 4 SYSTEMPATH\Common.php(1142): CodeIgniter\View\View->render('v_point', [], true)
 5 APPPATH\Controllers\Point.php(19): view('v_point')
 6 SYSTEMPATH\CodeIgniter.php(904): App\Controllers\Point->index()
 7 SYSTEMPATH\CodeIgniter.php(457): CodeIgniter\CodeIgniter->runController(Object(App\Controllers\Point))
 8 SYSTEMPATH\CodeIgniter.php(340): CodeIgniter\CodeIgniter->handleRequest(null, Object(Config\Cache), false)
 9 FCPATH\index.php(67): CodeIgniter\CodeIgniter->run()
CRITICAL - 2022-10-11 18:08:53 --> Undefined variable $base_url
in APPPATH\Views\v_point.php on line 38.
 1 APPPATH\Views\v_point.php(38): CodeIgniter\Debug\Exceptions->errorHandler(2, 'Undefined variable $base_url', 'APPPATH\\Views\\v_point.php', 38)
 2 SYSTEMPATH\View\View.php(213): include('APPPATH\\Views\\v_point.php')
 3 SYSTEMPATH\View\View.php(216): CodeIgniter\View\View->CodeIgniter\View\{closure}()
 4 SYSTEMPATH\Common.php(1142): CodeIgniter\View\View->render('v_point', [], true)
 5 APPPATH\Controllers\Point.php(19): view('v_point')
 6 SYSTEMPATH\CodeIgniter.php(904): App\Controllers\Point->index()
 7 SYSTEMPATH\CodeIgniter.php(457): CodeIgniter\CodeIgniter->runController(Object(App\Controllers\Point))
 8 SYSTEMPATH\CodeIgniter.php(340): CodeIgniter\CodeIgniter->handleRequest(null, Object(Config\Cache), false)
 9 FCPATH\index.php(67): CodeIgniter\CodeIgniter->run()
CRITICAL - 2022-10-11 18:08:53 --> Undefined variable $base_url
in APPPATH\Views\v_point.php on line 38.
 1 APPPATH\Views\v_point.php(38): CodeIgniter\Debug\Exceptions->errorHandler(2, 'Undefined variable $base_url', 'APPPATH\\Views\\v_point.php', 38)
 2 SYSTEMPATH\View\View.php(213): include('APPPATH\\Views\\v_point.php')
 3 SYSTEMPATH\View\View.php(216): CodeIgniter\View\View->CodeIgniter\View\{closure}()
 4 SYSTEMPATH\Common.php(1142): CodeIgniter\View\View->render('v_point', [], true)
 5 APPPATH\Controllers\Point.php(19): view('v_point')
 6 SYSTEMPATH\CodeIgniter.php(904): App\Controllers\Point->index()
 7 SYSTEMPATH\CodeIgniter.php(457): CodeIgniter\CodeIgniter->runController(Object(App\Controllers\Point))
 8 SYSTEMPATH\CodeIgniter.php(340): CodeIgniter\CodeIgniter->handleRequest(null, Object(Config\Cache), false)
 9 FCPATH\index.php(67): CodeIgniter\CodeIgniter->run()
