CRITICAL - 2022-10-19 04:40:38 --> Too few arguments to function App\Controllers\Objek::Edit(), 0 passed in C:\xampp\htdocs\semester5\petalokasiobjek\system\CodeIgniter.php on line 904 and exactly 1 expected
in APPPATH\Controllers\Objek.php on line 62.
 1 SYSTEMPATH\CodeIgniter.php(904): App\Controllers\Objek->Edit()
 2 SYSTEMPATH\CodeIgniter.php(457): CodeIgniter\CodeIgniter->runController(Object(App\Controllers\Objek))
 3 SYSTEMPATH\CodeIgniter.php(340): CodeIgniter\CodeIgniter->handleRequest(null, Object(Config\Cache), false)
 4 FCPATH\index.php(67): CodeIgniter\CodeIgniter->run()
CRITICAL - 2022-10-19 21:17:32 --> Undefined array key "foto"
in APPPATH\Controllers\Objek.php on line 77.
 1 APPPATH\Controllers\Objek.php(77): CodeIgniter\Debug\Exceptions->errorHandler(2, 'Undefined array key "foto"', 'APPPATH\\Controllers\\Objek.php', 77)
 2 SYSTEMPATH\CodeIgniter.php(904): App\Controllers\Objek->Simpaneditdata('5')
 3 SYSTEMPATH\CodeIgniter.php(457): CodeIgniter\CodeIgniter->runController(Object(App\Controllers\Objek))
 4 SYSTEMPATH\CodeIgniter.php(340): CodeIgniter\CodeIgniter->handleRequest(null, Object(Config\Cache), false)
 5 FCPATH\index.php(67): CodeIgniter\CodeIgniter->run()
CRITICAL - 2022-10-19 22:41:24 --> Undefined variable $obj
in APPPATH\Views\v_edit.php on line 53.
 1 APPPATH\Views\v_edit.php(53): CodeIgniter\Debug\Exceptions->errorHandler(2, 'Undefined variable $obj', 'APPPATH\\Views\\v_edit.php', 53)
 2 SYSTEMPATH\View\View.php(213): include('APPPATH\\Views\\v_edit.php')
 3 SYSTEMPATH\View\View.php(216): CodeIgniter\View\View->CodeIgniter\View\{closure}()
 4 SYSTEMPATH\Common.php(1142): CodeIgniter\View\View->render('v_edit', [], true)
 5 APPPATH\Controllers\Objek.php(82): view('v_edit', [...])
 6 SYSTEMPATH\CodeIgniter.php(904): App\Controllers\Objek->Edit('12')
 7 SYSTEMPATH\CodeIgniter.php(457): CodeIgniter\CodeIgniter->runController(Object(App\Controllers\Objek))
 8 SYSTEMPATH\CodeIgniter.php(340): CodeIgniter\CodeIgniter->handleRequest(null, Object(Config\Cache), false)
 9 FCPATH\index.php(67): CodeIgniter\CodeIgniter->run()
CRITICAL - 2022-10-19 23:01:06 --> Undefined variable $base_url
in APPPATH\Views\v_edit.php on line 60.
 1 APPPATH\Views\v_edit.php(60): CodeIgniter\Debug\Exceptions->errorHandler(2, 'Undefined variable $base_url', 'APPPATH\\Views\\v_edit.php', 60)
 2 SYSTEMPATH\View\View.php(213): include('APPPATH\\Views\\v_edit.php')
 3 SYSTEMPATH\View\View.php(216): CodeIgniter\View\View->CodeIgniter\View\{closure}()
 4 SYSTEMPATH\Common.php(1142): CodeIgniter\View\View->render('v_edit', [], true)
 5 APPPATH\Controllers\Objek.php(82): view('v_edit', [...])
 6 SYSTEMPATH\CodeIgniter.php(904): App\Controllers\Objek->Edit('12')
 7 SYSTEMPATH\CodeIgniter.php(457): CodeIgniter\CodeIgniter->runController(Object(App\Controllers\Objek))
 8 SYSTEMPATH\CodeIgniter.php(340): CodeIgniter\CodeIgniter->handleRequest(null, Object(Config\Cache), false)
 9 FCPATH\index.php(67): CodeIgniter\CodeIgniter->run()
CRITICAL - 2022-10-19 23:01:19 --> Undefined variable $base_url
in APPPATH\Views\v_edit.php on line 60.
 1 APPPATH\Views\v_edit.php(60): CodeIgniter\Debug\Exceptions->errorHandler(2, 'Undefined variable $base_url', 'APPPATH\\Views\\v_edit.php', 60)
 2 SYSTEMPATH\View\View.php(213): include('APPPATH\\Views\\v_edit.php')
 3 SYSTEMPATH\View\View.php(216): CodeIgniter\View\View->CodeIgniter\View\{closure}()
 4 SYSTEMPATH\Common.php(1142): CodeIgniter\View\View->render('v_edit', [], true)
 5 APPPATH\Controllers\Objek.php(82): view('v_edit', [...])
 6 SYSTEMPATH\CodeIgniter.php(904): App\Controllers\Objek->Edit('12')
 7 SYSTEMPATH\CodeIgniter.php(457): CodeIgniter\CodeIgniter->runController(Object(App\Controllers\Objek))
 8 SYSTEMPATH\CodeIgniter.php(340): CodeIgniter\CodeIgniter->handleRequest(null, Object(Config\Cache), false)
 9 FCPATH\index.php(67): CodeIgniter\CodeIgniter->run()
