CRITICAL - 2022-10-15 08:28:56 --> Call to a member function getError() on null
in APPPATH\Controllers\Objek.php on line 36.
 1 SYSTEMPATH\CodeIgniter.php(904): App\Controllers\Objek->simpantambahdata()
 2 SYSTEMPATH\CodeIgniter.php(457): CodeIgniter\CodeIgniter->runController(Object(App\Controllers\Objek))
 3 SYSTEMPATH\CodeIgniter.php(340): CodeIgniter\CodeIgniter->handleRequest(null, Object(Config\Cache), false)
 4 FCPATH\index.php(67): CodeIgniter\CodeIgniter->run()
CRITICAL - 2022-10-15 08:33:03 --> Attempt to read property "getFile" on null
in APPPATH\Controllers\Objek.php on line 36.
 1 APPPATH\Controllers\Objek.php(36): CodeIgniter\Debug\Exceptions->errorHandler(2, 'Attempt to read property "getFile" on null', 'APPPATH\\Controllers\\Objek.php', 36)
 2 SYSTEMPATH\CodeIgniter.php(904): App\Controllers\Objek->simpantambahdata()
 3 SYSTEMPATH\CodeIgniter.php(457): CodeIgniter\CodeIgniter->runController(Object(App\Controllers\Objek))
 4 SYSTEMPATH\CodeIgniter.php(340): CodeIgniter\CodeIgniter->handleRequest(null, Object(Config\Cache), false)
 5 FCPATH\index.php(67): CodeIgniter\CodeIgniter->run()
CRITICAL - 2022-10-15 08:33:53 --> Call to a member function getRandomName() on null
in APPPATH\Controllers\Objek.php on line 37.
 1 SYSTEMPATH\CodeIgniter.php(904): App\Controllers\Objek->simpantambahdata()
 2 SYSTEMPATH\CodeIgniter.php(457): CodeIgniter\CodeIgniter->runController(Object(App\Controllers\Objek))
 3 SYSTEMPATH\CodeIgniter.php(340): CodeIgniter\CodeIgniter->handleRequest(null, Object(Config\Cache), false)
 4 FCPATH\index.php(67): CodeIgniter\CodeIgniter->run()
CRITICAL - 2022-10-15 08:35:32 --> Call to a member function getRandomName() on null
in APPPATH\Controllers\Objek.php on line 37.
 1 SYSTEMPATH\CodeIgniter.php(904): App\Controllers\Objek->simpantambahdata()
 2 SYSTEMPATH\CodeIgniter.php(457): CodeIgniter\CodeIgniter->runController(Object(App\Controllers\Objek))
 3 SYSTEMPATH\CodeIgniter.php(340): CodeIgniter\CodeIgniter->handleRequest(null, Object(Config\Cache), false)
 4 FCPATH\index.php(67): CodeIgniter\CodeIgniter->run()
CRITICAL - 2022-10-15 08:36:01 --> Call to a member function move() on null
in APPPATH\Controllers\Objek.php on line 37.
 1 SYSTEMPATH\CodeIgniter.php(904): App\Controllers\Objek->simpantambahdata()
 2 SYSTEMPATH\CodeIgniter.php(457): CodeIgniter\CodeIgniter->runController(Object(App\Controllers\Objek))
 3 SYSTEMPATH\CodeIgniter.php(340): CodeIgniter\CodeIgniter->handleRequest(null, Object(Config\Cache), false)
 4 FCPATH\index.php(67): CodeIgniter\CodeIgniter->run()
CRITICAL - 2022-10-15 08:36:17 --> Call to a member function getRandomName() on null
in APPPATH\Controllers\Objek.php on line 37.
 1 SYSTEMPATH\CodeIgniter.php(904): App\Controllers\Objek->simpantambahdata()
 2 SYSTEMPATH\CodeIgniter.php(457): CodeIgniter\CodeIgniter->runController(Object(App\Controllers\Objek))
 3 SYSTEMPATH\CodeIgniter.php(340): CodeIgniter\CodeIgniter->handleRequest(null, Object(Config\Cache), false)
 4 FCPATH\index.php(67): CodeIgniter\CodeIgniter->run()
CRITICAL - 2022-10-15 08:40:41 --> Call to a member function move() on null
in APPPATH\Controllers\Objek.php on line 34.
 1 SYSTEMPATH\CodeIgniter.php(904): App\Controllers\Objek->simpantambahdata()
 2 SYSTEMPATH\CodeIgniter.php(457): CodeIgniter\CodeIgniter->runController(Object(App\Controllers\Objek))
 3 SYSTEMPATH\CodeIgniter.php(340): CodeIgniter\CodeIgniter->handleRequest(null, Object(Config\Cache), false)
 4 FCPATH\index.php(67): CodeIgniter\CodeIgniter->run()
CRITICAL - 2022-10-15 08:56:48 --> Call to undefined method CodeIgniter\HTTP\IncomingRequest::get()
in APPPATH\Controllers\Objek.php on line 29.
 1 SYSTEMPATH\CodeIgniter.php(904): App\Controllers\Objek->simpantambahdata()
 2 SYSTEMPATH\CodeIgniter.php(457): CodeIgniter\CodeIgniter->runController(Object(App\Controllers\Objek))
 3 SYSTEMPATH\CodeIgniter.php(340): CodeIgniter\CodeIgniter->handleRequest(null, Object(Config\Cache), false)
 4 FCPATH\index.php(67): CodeIgniter\CodeIgniter->run()
CRITICAL - 2022-10-15 08:58:53 --> Call to undefined method CodeIgniter\HTTP\IncomingRequest::get()
in APPPATH\Controllers\Objek.php on line 30.
 1 SYSTEMPATH\CodeIgniter.php(904): App\Controllers\Objek->simpantambahdata()
 2 SYSTEMPATH\CodeIgniter.php(457): CodeIgniter\CodeIgniter->runController(Object(App\Controllers\Objek))
 3 SYSTEMPATH\CodeIgniter.php(340): CodeIgniter\CodeIgniter->handleRequest(null, Object(Config\Cache), false)
 4 FCPATH\index.php(67): CodeIgniter\CodeIgniter->run()
CRITICAL - 2022-10-15 09:00:25 --> Access level to App\Controllers\Objek::$request must be protected (as in class App\Controllers\BaseController) or weaker
in APPPATH\Controllers\Objek.php on line 8.
 1 [internal function]: CodeIgniter\Debug\Exceptions->shutdownHandler()
CRITICAL - 2022-10-15 09:00:41 --> Call to undefined method CodeIgniter\HTTP\IncomingRequest::get()
in APPPATH\Controllers\Objek.php on line 31.
 1 SYSTEMPATH\CodeIgniter.php(904): App\Controllers\Objek->simpantambahdata()
 2 SYSTEMPATH\CodeIgniter.php(457): CodeIgniter\CodeIgniter->runController(Object(App\Controllers\Objek))
 3 SYSTEMPATH\CodeIgniter.php(340): CodeIgniter\CodeIgniter->handleRequest(null, Object(Config\Cache), false)
 4 FCPATH\index.php(67): CodeIgniter\CodeIgniter->run()
CRITICAL - 2022-10-15 09:02:40 --> Call to undefined method CodeIgniter\HTTP\IncomingRequest::get()
in APPPATH\Controllers\Objek.php on line 32.
 1 SYSTEMPATH\CodeIgniter.php(904): App\Controllers\Objek->simpantambahdata()
 2 SYSTEMPATH\CodeIgniter.php(457): CodeIgniter\CodeIgniter->runController(Object(App\Controllers\Objek))
 3 SYSTEMPATH\CodeIgniter.php(340): CodeIgniter\CodeIgniter->handleRequest(null, Object(Config\Cache), false)
 4 FCPATH\index.php(67): CodeIgniter\CodeIgniter->run()
CRITICAL - 2022-10-15 09:03:26 --> Call to undefined method CodeIgniter\HTTP\IncomingRequest::get()
in APPPATH\Controllers\Objek.php on line 33.
 1 SYSTEMPATH\CodeIgniter.php(904): App\Controllers\Objek->simpantambahdata()
 2 SYSTEMPATH\CodeIgniter.php(457): CodeIgniter\CodeIgniter->runController(Object(App\Controllers\Objek))
 3 SYSTEMPATH\CodeIgniter.php(340): CodeIgniter\CodeIgniter->handleRequest(null, Object(Config\Cache), false)
 4 FCPATH\index.php(67): CodeIgniter\CodeIgniter->run()
CRITICAL - 2022-10-15 09:03:41 --> Call to undefined method CodeIgniter\HTTP\IncomingRequest::get()
in APPPATH\Controllers\Objek.php on line 33.
 1 SYSTEMPATH\CodeIgniter.php(904): App\Controllers\Objek->simpantambahdata()
 2 SYSTEMPATH\CodeIgniter.php(457): CodeIgniter\CodeIgniter->runController(Object(App\Controllers\Objek))
 3 SYSTEMPATH\CodeIgniter.php(340): CodeIgniter\CodeIgniter->handleRequest(null, Object(Config\Cache), false)
 4 FCPATH\index.php(67): CodeIgniter\CodeIgniter->run()
CRITICAL - 2022-10-15 09:03:52 --> Call to undefined method CodeIgniter\HTTP\IncomingRequest::get()
in APPPATH\Controllers\Objek.php on line 35.
 1 SYSTEMPATH\CodeIgniter.php(904): App\Controllers\Objek->simpantambahdata()
 2 SYSTEMPATH\CodeIgniter.php(457): CodeIgniter\CodeIgniter->runController(Object(App\Controllers\Objek))
 3 SYSTEMPATH\CodeIgniter.php(340): CodeIgniter\CodeIgniter->handleRequest(null, Object(Config\Cache), false)
 4 FCPATH\index.php(67): CodeIgniter\CodeIgniter->run()
CRITICAL - 2022-10-15 09:09:56 --> Call to undefined method CodeIgniter\HTTP\IncomingRequest::get()
in APPPATH\Controllers\Objek.php on line 35.
 1 SYSTEMPATH\CodeIgniter.php(904): App\Controllers\Objek->simpantambahdata()
 2 SYSTEMPATH\CodeIgniter.php(457): CodeIgniter\CodeIgniter->runController(Object(App\Controllers\Objek))
 3 SYSTEMPATH\CodeIgniter.php(340): CodeIgniter\CodeIgniter->handleRequest(null, Object(Config\Cache), false)
 4 FCPATH\index.php(67): CodeIgniter\CodeIgniter->run()
CRITICAL - 2022-10-15 09:25:24 --> Call to a member function getError() on null
in APPPATH\Controllers\Objek.php on line 36.
 1 SYSTEMPATH\CodeIgniter.php(904): App\Controllers\Objek->simpantambahdata()
 2 SYSTEMPATH\CodeIgniter.php(457): CodeIgniter\CodeIgniter->runController(Object(App\Controllers\Objek))
 3 SYSTEMPATH\CodeIgniter.php(340): CodeIgniter\CodeIgniter->handleRequest(null, Object(Config\Cache), false)
 4 FCPATH\index.php(67): CodeIgniter\CodeIgniter->run()
CRITICAL - 2022-10-15 09:25:42 --> Call to a member function getRandomName() on null
in APPPATH\Controllers\Objek.php on line 37.
 1 SYSTEMPATH\CodeIgniter.php(904): App\Controllers\Objek->simpantambahdata()
 2 SYSTEMPATH\CodeIgniter.php(457): CodeIgniter\CodeIgniter->runController(Object(App\Controllers\Objek))
 3 SYSTEMPATH\CodeIgniter.php(340): CodeIgniter\CodeIgniter->handleRequest(null, Object(Config\Cache), false)
 4 FCPATH\index.php(67): CodeIgniter\CodeIgniter->run()
CRITICAL - 2022-10-15 09:25:51 --> Call to a member function move() on null
in APPPATH\Controllers\Objek.php on line 37.
 1 SYSTEMPATH\CodeIgniter.php(904): App\Controllers\Objek->simpantambahdata()
 2 SYSTEMPATH\CodeIgniter.php(457): CodeIgniter\CodeIgniter->runController(Object(App\Controllers\Objek))
 3 SYSTEMPATH\CodeIgniter.php(340): CodeIgniter\CodeIgniter->handleRequest(null, Object(Config\Cache), false)
 4 FCPATH\index.php(67): CodeIgniter\CodeIgniter->run()
CRITICAL - 2022-10-15 09:29:58 --> Undefined variable $request
in APPPATH\Controllers\Objek.php on line 29.
 1 APPPATH\Controllers\Objek.php(29): CodeIgniter\Debug\Exceptions->errorHandler(2, 'Undefined variable $request', 'APPPATH\\Controllers\\Objek.php', 29)
 2 SYSTEMPATH\CodeIgniter.php(904): App\Controllers\Objek->simpantambahdata()
 3 SYSTEMPATH\CodeIgniter.php(457): CodeIgniter\CodeIgniter->runController(Object(App\Controllers\Objek))
 4 SYSTEMPATH\CodeIgniter.php(340): CodeIgniter\CodeIgniter->handleRequest(null, Object(Config\Cache), false)
 5 FCPATH\index.php(67): CodeIgniter\CodeIgniter->run()
CRITICAL - 2022-10-15 09:42:18 --> Too few arguments to function App\Controllers\Objek::simpantambahdata(), 0 passed in C:\xampp\htdocs\semester5\petalokasiobjek\system\CodeIgniter.php on line 904 and exactly 1 expected
in APPPATH\Controllers\Objek.php on line 25.
 1 SYSTEMPATH\CodeIgniter.php(904): App\Controllers\Objek->simpantambahdata()
 2 SYSTEMPATH\CodeIgniter.php(457): CodeIgniter\CodeIgniter->runController(Object(App\Controllers\Objek))
 3 SYSTEMPATH\CodeIgniter.php(340): CodeIgniter\CodeIgniter->handleRequest(null, Object(Config\Cache), false)
 4 FCPATH\index.php(67): CodeIgniter\CodeIgniter->run()
CRITICAL - 2022-10-15 09:43:30 --> Too few arguments to function App\Controllers\Objek::simpantambahdata(), 0 passed in C:\xampp\htdocs\semester5\petalokasiobjek\system\CodeIgniter.php on line 904 and exactly 1 expected
in APPPATH\Controllers\Objek.php on line 25.
 1 SYSTEMPATH\CodeIgniter.php(904): App\Controllers\Objek->simpantambahdata()
 2 SYSTEMPATH\CodeIgniter.php(457): CodeIgniter\CodeIgniter->runController(Object(App\Controllers\Objek))
 3 SYSTEMPATH\CodeIgniter.php(340): CodeIgniter\CodeIgniter->handleRequest(null, Object(Config\Cache), false)
 4 FCPATH\index.php(67): CodeIgniter\CodeIgniter->run()
CRITICAL - 2022-10-15 09:44:27 --> Undefined variable $request
in APPPATH\Controllers\Objek.php on line 29.
 1 APPPATH\Controllers\Objek.php(29): CodeIgniter\Debug\Exceptions->errorHandler(2, 'Undefined variable $request', 'APPPATH\\Controllers\\Objek.php', 29)
 2 SYSTEMPATH\CodeIgniter.php(904): App\Controllers\Objek->simpantambahdata()
 3 SYSTEMPATH\CodeIgniter.php(457): CodeIgniter\CodeIgniter->runController(Object(App\Controllers\Objek))
 4 SYSTEMPATH\CodeIgniter.php(340): CodeIgniter\CodeIgniter->handleRequest(null, Object(Config\Cache), false)
 5 FCPATH\index.php(67): CodeIgniter\CodeIgniter->run()
CRITICAL - 2022-10-15 18:06:30 --> Call to a member function move() on null
in APPPATH\Controllers\Objek.php on line 35.
 1 SYSTEMPATH\CodeIgniter.php(904): App\Controllers\Objek->simpantambahdata()
 2 SYSTEMPATH\CodeIgniter.php(457): CodeIgniter\CodeIgniter->runController(Object(App\Controllers\Objek))
 3 SYSTEMPATH\CodeIgniter.php(340): CodeIgniter\CodeIgniter->handleRequest(null, Object(Config\Cache), false)
 4 FCPATH\index.php(67): CodeIgniter\CodeIgniter->run()
CRITICAL - 2022-10-15 18:07:08 --> Call to a member function hasMoved() on null
in APPPATH\Controllers\Objek.php on line 35.
 1 SYSTEMPATH\CodeIgniter.php(904): App\Controllers\Objek->simpantambahdata()
 2 SYSTEMPATH\CodeIgniter.php(457): CodeIgniter\CodeIgniter->runController(Object(App\Controllers\Objek))
 3 SYSTEMPATH\CodeIgniter.php(340): CodeIgniter\CodeIgniter->handleRequest(null, Object(Config\Cache), false)
 4 FCPATH\index.php(67): CodeIgniter\CodeIgniter->run()
CRITICAL - 2022-10-15 18:07:40 --> Call to a member function move() on null
in APPPATH\Controllers\Objek.php on line 35.
 1 SYSTEMPATH\CodeIgniter.php(904): App\Controllers\Objek->simpantambahdata()
 2 SYSTEMPATH\CodeIgniter.php(457): CodeIgniter\CodeIgniter->runController(Object(App\Controllers\Objek))
 3 SYSTEMPATH\CodeIgniter.php(340): CodeIgniter\CodeIgniter->handleRequest(null, Object(Config\Cache), false)
 4 FCPATH\index.php(67): CodeIgniter\CodeIgniter->run()
CRITICAL - 2022-10-15 18:40:55 --> Undefined variable $validation
in APPPATH\Views\v_input.php on line 32.
 1 APPPATH\Views\v_input.php(32): CodeIgniter\Debug\Exceptions->errorHandler(2, 'Undefined variable $validation', 'APPPATH\\Views\\v_input.php', 32)
 2 SYSTEMPATH\View\View.php(213): include('APPPATH\\Views\\v_input.php')
 3 SYSTEMPATH\View\View.php(216): CodeIgniter\View\View->CodeIgniter\View\{closure}()
 4 SYSTEMPATH\Common.php(1142): CodeIgniter\View\View->render('v_input', [], true)
 5 APPPATH\Controllers\Objek.php(20): view('v_input')
 6 SYSTEMPATH\CodeIgniter.php(904): App\Controllers\Objek->index()
 7 SYSTEMPATH\CodeIgniter.php(457): CodeIgniter\CodeIgniter->runController(Object(App\Controllers\Objek))
 8 SYSTEMPATH\CodeIgniter.php(340): CodeIgniter\CodeIgniter->handleRequest(null, Object(Config\Cache), false)
 9 FCPATH\index.php(67): CodeIgniter\CodeIgniter->run()
CRITICAL - 2022-10-15 18:50:41 --> Undefined variable $validation
in APPPATH\Views\v_input.php on line 32.
 1 APPPATH\Views\v_input.php(32): CodeIgniter\Debug\Exceptions->errorHandler(2, 'Undefined variable $validation', 'APPPATH\\Views\\v_input.php', 32)
 2 SYSTEMPATH\View\View.php(213): include('APPPATH\\Views\\v_input.php')
 3 SYSTEMPATH\View\View.php(216): CodeIgniter\View\View->CodeIgniter\View\{closure}()
 4 SYSTEMPATH\Common.php(1142): CodeIgniter\View\View->render('v_input', [], true)
 5 APPPATH\Controllers\Objek.php(20): view('v_input')
 6 SYSTEMPATH\CodeIgniter.php(904): App\Controllers\Objek->index()
 7 SYSTEMPATH\CodeIgniter.php(457): CodeIgniter\CodeIgniter->runController(Object(App\Controllers\Objek))
 8 SYSTEMPATH\CodeIgniter.php(340): CodeIgniter\CodeIgniter->handleRequest(null, Object(Config\Cache), false)
 9 FCPATH\index.php(67): CodeIgniter\CodeIgniter->run()
